mode: set
Sellers/internal/locality/repository.go:21.43,25.2 1 1
Sellers/internal/locality/repository.go:28.97,34.16 5 1
Sellers/internal/locality/repository.go:38.2,38.15 1 1
Sellers/internal/locality/repository.go:34.16,36.3 1 0
Sellers/internal/locality/repository.go:42.80,45.16 3 1
Sellers/internal/locality/repository.go:49.2,50.16 2 1
Sellers/internal/locality/repository.go:54.2,55.16 2 1
Sellers/internal/locality/repository.go:59.2,59.21 1 1
Sellers/internal/locality/repository.go:45.16,47.3 1 0
Sellers/internal/locality/repository.go:50.16,52.3 1 1
Sellers/internal/locality/repository.go:55.16,57.3 1 0
Sellers/internal/locality/repository.go:62.66,67.2 4 1
Sellers/internal/locality/repository.go:69.98,72.16 3 0
Sellers/internal/locality/repository.go:76.2,77.16 2 0
Sellers/internal/locality/repository.go:81.2,83.18 2 0
Sellers/internal/locality/repository.go:89.2,89.21 1 0
Sellers/internal/locality/repository.go:72.16,74.3 1 0
Sellers/internal/locality/repository.go:77.16,79.3 1 0
Sellers/internal/locality/repository.go:83.18,87.3 3 0
Sellers/internal/locality/service.go:24.39,26.2 1 1
Sellers/internal/locality/service.go:28.90,30.11 2 1
Sellers/internal/locality/service.go:34.2,36.16 2 1
Sellers/internal/locality/service.go:40.2,42.16 2 1
Sellers/internal/locality/service.go:30.11,32.3 1 0
Sellers/internal/locality/service.go:36.16,38.3 1 0
Sellers/internal/locality/service.go:46.65,48.2 1 1
Sellers/internal/locality/service.go:50.94,53.15 2 1
Sellers/internal/locality/service.go:57.2,57.15 1 1
Sellers/internal/locality/service.go:53.15,55.3 1 0
Sellers/internal/locality/service.go:60.95,62.2 1 1
Sellers/internal/seller/repository.go:25.43,29.2 1 1
Sellers/internal/seller/repository.go:31.75,34.16 3 1
Sellers/internal/seller/repository.go:38.2,40.18 2 1
Sellers/internal/seller/repository.go:46.2,46.21 1 1
Sellers/internal/seller/repository.go:34.16,36.3 1 0
Sellers/internal/seller/repository.go:40.18,44.3 3 1
Sellers/internal/seller/repository.go:49.78,54.16 5 1
Sellers/internal/seller/repository.go:58.2,58.15 1 1
Sellers/internal/seller/repository.go:54.16,56.3 1 0
Sellers/internal/seller/repository.go:61.64,66.2 4 1
Sellers/internal/seller/repository.go:68.78,71.16 3 1
Sellers/internal/seller/repository.go:75.2,76.16 2 1
Sellers/internal/seller/repository.go:80.2,81.16 2 1
Sellers/internal/seller/repository.go:85.2,85.21 1 1
Sellers/internal/seller/repository.go:71.16,73.3 1 0
Sellers/internal/seller/repository.go:76.16,78.3 1 1
Sellers/internal/seller/repository.go:81.16,83.3 1 0
Sellers/internal/seller/repository.go:88.73,91.16 3 1
Sellers/internal/seller/repository.go:95.2,96.16 2 1
Sellers/internal/seller/repository.go:100.2,101.16 2 1
Sellers/internal/seller/repository.go:105.2,105.12 1 1
Sellers/internal/seller/repository.go:91.16,93.3 1 0
Sellers/internal/seller/repository.go:96.16,98.3 1 0
Sellers/internal/seller/repository.go:101.16,103.3 1 0
Sellers/internal/seller/repository.go:108.64,111.16 3 1
Sellers/internal/seller/repository.go:115.2,116.16 2 1
Sellers/internal/seller/repository.go:120.2,121.16 2 1
Sellers/internal/seller/repository.go:125.2,125.16 1 1
Sellers/internal/seller/repository.go:129.2,129.12 1 1
Sellers/internal/seller/repository.go:111.16,113.3 1 0
Sellers/internal/seller/repository.go:116.16,118.3 1 0
Sellers/internal/seller/repository.go:121.16,123.3 1 0
Sellers/internal/seller/repository.go:125.16,127.3 1 0
Sellers/internal/seller/service.go:29.39,32.2 1 1
Sellers/internal/seller/service.go:34.72,36.16 2 1
Sellers/internal/seller/service.go:39.3,39.16 1 1
Sellers/internal/seller/service.go:36.16,38.3 1 0
Sellers/internal/seller/service.go:42.75,44.16 2 1
Sellers/internal/seller/service.go:48.2,48.15 1 1
Sellers/internal/seller/service.go:44.16,46.3 1 1
Sellers/internal/seller/service.go:51.86,53.11 2 1
Sellers/internal/seller/service.go:56.2,58.16 2 1
Sellers/internal/seller/service.go:62.2,64.16 2 1
Sellers/internal/seller/service.go:53.11,55.3 1 0
Sellers/internal/seller/service.go:58.16,60.3 1 0
Sellers/internal/seller/service.go:67.72,71.3 1 1
Sellers/internal/seller/service.go:73.61,77.2 1 1
Sellers/internal/seller/service.go:79.61,81.2 1 1
Sellers/cmd/server/handler/locality.go:21.48,25.2 1 1
Sellers/cmd/server/handler/locality.go:28.45,29.30 1 1
Sellers/cmd/server/handler/locality.go:29.30,34.38 2 1
Sellers/cmd/server/handler/locality.go:39.3,39.57 1 1
Sellers/cmd/server/handler/locality.go:44.3,44.24 1 1
Sellers/cmd/server/handler/locality.go:49.3,49.29 1 1
Sellers/cmd/server/handler/locality.go:54.3,54.29 1 1
Sellers/cmd/server/handler/locality.go:59.3,59.28 1 1
Sellers/cmd/server/handler/locality.go:64.3,65.17 2 1
Sellers/cmd/server/handler/locality.go:69.3,69.43 1 1
Sellers/cmd/server/handler/locality.go:34.38,37.4 2 0
Sellers/cmd/server/handler/locality.go:39.57,42.4 2 1
Sellers/cmd/server/handler/locality.go:44.24,47.4 2 1
Sellers/cmd/server/handler/locality.go:49.29,52.4 2 1
Sellers/cmd/server/handler/locality.go:54.29,57.4 2 1
Sellers/cmd/server/handler/locality.go:59.28,62.4 2 1
Sellers/cmd/server/handler/locality.go:65.17,68.4 2 0
Sellers/cmd/server/handler/locality.go:75.42,76.30 1 1
Sellers/cmd/server/handler/locality.go:76.30,81.20 2 0
Sellers/cmd/server/handler/locality.go:86.3,87.17 2 0
Sellers/cmd/server/handler/locality.go:92.3,92.16 1 0
Sellers/cmd/server/handler/locality.go:97.3,105.17 4 0
Sellers/cmd/server/handler/locality.go:110.3,114.66 4 0
Sellers/cmd/server/handler/locality.go:81.20,84.4 2 0
Sellers/cmd/server/handler/locality.go:87.17,90.4 2 0
Sellers/cmd/server/handler/locality.go:92.16,95.4 2 0
Sellers/cmd/server/handler/locality.go:105.17,108.4 2 0
Sellers/cmd/server/handler/seller.go:24.42,29.2 1 1
Sellers/cmd/server/handler/seller.go:33.40,34.30 1 1
Sellers/cmd/server/handler/seller.go:34.30,39.18 2 1
Sellers/cmd/server/handler/seller.go:44.3,46.16 2 1
Sellers/cmd/server/handler/seller.go:51.3,51.17 1 1
Sellers/cmd/server/handler/seller.go:39.18,42.4 2 0
Sellers/cmd/server/handler/seller.go:46.16,49.4 2 1
Sellers/cmd/server/handler/seller.go:58.43,59.30 1 1
Sellers/cmd/server/handler/seller.go:59.30,63.17 2 1
Sellers/cmd/server/handler/seller.go:68.3,68.18 1 1
Sellers/cmd/server/handler/seller.go:72.3,72.43 1 1
Sellers/cmd/server/handler/seller.go:63.17,66.4 2 1
Sellers/cmd/server/handler/seller.go:68.18,71.4 2 1
Sellers/cmd/server/handler/seller.go:79.43,80.30 1 1
Sellers/cmd/server/handler/seller.go:80.30,84.38 2 1
Sellers/cmd/server/handler/seller.go:89.3,89.53 1 1
Sellers/cmd/server/handler/seller.go:94.3,94.19 1 1
Sellers/cmd/server/handler/seller.go:99.3,99.24 1 1
Sellers/cmd/server/handler/seller.go:104.3,104.28 1 1
Sellers/cmd/server/handler/seller.go:109.3,109.26 1 1
Sellers/cmd/server/handler/seller.go:113.3,113.28 1 1
Sellers/cmd/server/handler/seller.go:118.3,119.17 2 1
Sellers/cmd/server/handler/seller.go:123.3,123.43 1 1
Sellers/cmd/server/handler/seller.go:84.38,87.4 2 0
Sellers/cmd/server/handler/seller.go:89.53,92.4 2 1
Sellers/cmd/server/handler/seller.go:94.19,97.4 2 1
Sellers/cmd/server/handler/seller.go:99.24,102.4 2 1
Sellers/cmd/server/handler/seller.go:104.28,107.4 2 1
Sellers/cmd/server/handler/seller.go:109.26,112.4 2 1
Sellers/cmd/server/handler/seller.go:113.28,116.4 2 1
Sellers/cmd/server/handler/seller.go:119.17,122.4 2 0
Sellers/cmd/server/handler/seller.go:128.43,129.30 1 1
Sellers/cmd/server/handler/seller.go:129.30,132.17 2 1
Sellers/cmd/server/handler/seller.go:137.3,139.47 2 1
Sellers/cmd/server/handler/seller.go:143.3,144.16 2 1
Sellers/cmd/server/handler/seller.go:149.3,151.16 3 1
Sellers/cmd/server/handler/seller.go:156.3,156.38 1 1
Sellers/cmd/server/handler/seller.go:132.17,135.4 2 0
Sellers/cmd/server/handler/seller.go:139.47,142.4 2 1
Sellers/cmd/server/handler/seller.go:144.16,147.4 2 1
Sellers/cmd/server/handler/seller.go:151.16,154.4 2 0
Sellers/cmd/server/handler/seller.go:163.98,164.72 1 1
Sellers/cmd/server/handler/seller.go:167.2,167.78 1 1
Sellers/cmd/server/handler/seller.go:170.2,170.59 1 1
Sellers/cmd/server/handler/seller.go:173.2,173.84 1 1
Sellers/cmd/server/handler/seller.go:177.2,178.19 2 1
Sellers/cmd/server/handler/seller.go:164.72,166.3 1 1
Sellers/cmd/server/handler/seller.go:167.78,169.3 1 1
Sellers/cmd/server/handler/seller.go:170.59,172.3 1 0
Sellers/cmd/server/handler/seller.go:173.84,175.3 1 0
Sellers/cmd/server/handler/seller.go:182.43,183.30 1 1
Sellers/cmd/server/handler/seller.go:183.30,186.17 2 1
Sellers/cmd/server/handler/seller.go:190.3,191.21 2 1
Sellers/cmd/server/handler/seller.go:197.3,198.17 2 1
Sellers/cmd/server/handler/seller.go:202.3,202.82 1 1
Sellers/cmd/server/handler/seller.go:186.17,189.4 2 0
Sellers/cmd/server/handler/seller.go:191.21,194.4 2 1
Sellers/cmd/server/handler/seller.go:198.17,201.4 2 0
